<?xml version="1.0" encoding="UTF-8"?>
<!-- Generated by org.testng.reporters.JUnitReportReporter -->
<testsuite hostname="LTMY000475" failures="0" tests="1" name="com.api.demo.PostDemo" time="3.390" errors="0" timestamp="2023-03-02T18:11:56 MYT" skipped="0">
  <testcase classname="com.api.demo.PostDemo" name="postUserDetails" time="3.390"/>
  <system-out/>
</testsuite> <!-- com.api.demo.PostDemo -->
