<?xml version="1.0" encoding="UTF-8"?>
<!-- Generated by org.testng.reporters.JUnitReportReporter -->
<testsuite hostname="LTMY000475" failures="0" tests="1" name="com.api.demo.ApiDemo" time="1.911" errors="0" timestamp="2023-03-06T14:05:49 MYT" skipped="0">
  <testcase classname="com.api.demo.ApiDemo" name="getUserDetials2" time="1.911"/>
  <system-out/>
</testsuite> <!-- com.api.demo.ApiDemo -->
